"Starting..." 
[INFO] Scanning for projects...
[INFO]                                                                         
[INFO] ------------------------------------------------------------------------
[INFO] Building jcabi-log 1.0-SNAPSHOT
[INFO] ------------------------------------------------------------------------
[INFO] 
[INFO] --- maven-clean-plugin:2.5:clean (default-clean) @ jcabi-log ---
[INFO] Deleting C:\work\odesk\5_xdsd\jcabi-log\target
[INFO] 
[INFO] --- buildnumber-maven-plugin:1.3:create (jcabi-build-number) @ jcabi-log ---
[INFO] ShortRevision tag detected. The value is '7'.
[INFO] Executing: cmd.exe /X /C "git rev-parse --verify --short=7 HEAD"
[INFO] Working directory: C:\work\odesk\5_xdsd\jcabi-log
[INFO] Storing buildNumber: a44589c at timestamp: 2015-01-16T20:16:21
[INFO] Storing buildScmBranch: internal-46
[INFO] 
[INFO] --- buildnumber-maven-plugin:1.3:create-timestamp (jcabi-build-number) @ jcabi-log ---
[INFO] 
[INFO] --- maven-resources-plugin:2.6:resources (default-resources) @ jcabi-log ---
[INFO] Using 'UTF-8' encoding to copy filtered resources.
[INFO] skip non existing resourceDirectory C:\work\odesk\5_xdsd\jcabi-log\src\main\resources
[INFO] 
[INFO] --- maven-compiler-plugin:3.1:compile (default-compile) @ jcabi-log ---
[INFO] Changes detected - recompiling the module!
[INFO] Compiling 20 source files to C:\work\odesk\5_xdsd\jcabi-log\target\classes
[INFO] 
[INFO] --- maven-resources-plugin:2.6:testResources (default-testResources) @ jcabi-log ---
[INFO] Using 'UTF-8' encoding to copy filtered resources.
[INFO] Copying 1 resource
[INFO] 
[INFO] --- maven-compiler-plugin:3.1:testCompile (default-testCompile) @ jcabi-log ---
[INFO] Changes detected - recompiling the module!
[INFO] Compiling 20 source files to C:\work\odesk\5_xdsd\jcabi-log\target\test-classes
[INFO] 
[INFO] --- maven-surefire-plugin:2.17:test (default-test) @ jcabi-log ---
[INFO] Surefire report directory: C:\work\odesk\5_xdsd\jcabi-log\target\surefire-reports
[WARNING] file.encoding cannot be set as system property, use <argLine>-Dfile.encoding=...<argLine> instead
[INFO] parallel='all', perCoreThreadCount=true, threadCount=4, useUnlimitedThreads=false, threadCountSuites=0, threadCountClasses=0, threadCountMethods=0, parallelOptimized=true

-------------------------------------------------------
 T E S T S
-------------------------------------------------------
Running com.jcabi.log.DecorsManagerTest
Tests run: 2, Failures: 0, Errors: 0, Skipped: 0, Time elapsed: 0.024 sec - in com.jcabi.log.DecorsManagerTest
Running com.jcabi.log.VerboseCallableTest
Tests run: 1, Failures: 0, Errors: 0, Skipped: 0, Time elapsed: 0.038 sec - in com.jcabi.log.VerboseCallableTest
Running com.jcabi.log.PreFormatterTest
Tests run: 3, Failures: 0, Errors: 0, Skipped: 0, Time elapsed: 0.009 sec - in com.jcabi.log.PreFormatterTest
Running com.jcabi.log.MsDecorTest
Tests run: 2, Failures: 0, Errors: 0, Skipped: 0, Time elapsed: 0.213 sec - in com.jcabi.log.MsDecorTest
Running com.jcabi.log.SizeDecorTest
Tests run: 2, Failures: 0, Errors: 0, Skipped: 0, Time elapsed: 0.182 sec - in com.jcabi.log.SizeDecorTest
Running com.jcabi.log.TypeDecorTest
Tests run: 2, Failures: 0, Errors: 0, Skipped: 0, Time elapsed: 0.201 sec - in com.jcabi.log.TypeDecorTest
Running com.jcabi.log.NanoDecorTest
Tests run: 2, Failures: 0, Errors: 0, Skipped: 0, Time elapsed: 0.179 sec - in com.jcabi.log.NanoDecorTest
Running com.jcabi.log.MulticolorLayoutTest
Tests run: 6, Failures: 0, Errors: 0, Skipped: 0, Time elapsed: 1.247 sec - in com.jcabi.log.MulticolorLayoutTest
Running com.jcabi.log.ExceptionDecorTest
Tests run: 2, Failures: 0, Errors: 0, Skipped: 0, Time elapsed: 0.007 sec - in com.jcabi.log.ExceptionDecorTest
Running com.jcabi.log.LoggerTest
SLF4J: The following loggers will not work because they were created
SLF4J: during the default configuration phase of the underlying logging system.
SLF4J: See also http://www.slf4j.org/codes.html#substituteLogger
SLF4J: com.jcabi.log.VerboseCallable
SLF4J: com.jcabi.log.LoggerTest
[[0;37mINFO[m] pool-1-thread-18 com.jcabi.log...why.not: hello, world!!
[[0;37mINFO[m] pool-1-thread-25 com.jcabi.log.LoggerTest: I'm fine, thanks, ????!
Tests run: 10, Failures: 0, Errors: 0, Skipped: 0, Time elapsed: 1.063 sec - in com.jcabi.log.LoggerTest
Running com.jcabi.log.ObjectDecorTest
Tests run: 6, Failures: 0, Errors: 0, Skipped: 0, Time elapsed: 0.007 sec - in com.jcabi.log.ObjectDecorTest
Running com.jcabi.log.ListDecorTest
Tests run: 18, Failures: 0, Errors: 0, Skipped: 0, Time elapsed: 0.033 sec - in com.jcabi.log.ListDecorTest
Running com.jcabi.log.VerboseThreadsTest
[[0;33mWARN[m] foo-1 com.jcabi.log.VerboseThreads$Wrap: foo-1: java.lang.IllegalArgumentException: oops
	at com.jcabi.log.VerboseThreadsTest$1.run(VerboseThreadsTest.java:58)
	at java.util.concurrent.ThreadPoolExecutor.runWorker(ThreadPoolExecutor.java:1142)
	at java.util.concurrent.ThreadPoolExecutor$Worker.run(ThreadPoolExecutor.java:617)
	at com.jcabi.log.VerboseThreads$Wrap.run(VerboseThreads.java:220)
	at java.lang.Thread.run(Thread.java:745)

[[0;33mWARN[m] foo-1 com.jcabi.log.VerboseThreads$Group: java.lang.IllegalArgumentException: oops
	at com.jcabi.log.VerboseThreadsTest$1.run(VerboseThreadsTest.java:58)
	at java.util.concurrent.ThreadPoolExecutor.runWorker(ThreadPoolExecutor.java:1142)
	at java.util.concurrent.ThreadPoolExecutor$Worker.run(ThreadPoolExecutor.java:617)
	at com.jcabi.log.VerboseThreads$Wrap.run(VerboseThreads.java:220)
	at java.lang.Thread.run(Thread.java:745)

Tests run: 2, Failures: 0, Errors: 0, Skipped: 0, Time elapsed: 2.01 sec - in com.jcabi.log.VerboseThreadsTest
Running com.jcabi.log.SecretDecorTest
Tests run: 8, Failures: 0, Errors: 0, Skipped: 0, Time elapsed: 0.463 sec - in com.jcabi.log.SecretDecorTest
Running com.jcabi.log.TextDecorTest
Tests run: 9, Failures: 0, Errors: 0, Skipped: 0, Time elapsed: 0.293 sec - in com.jcabi.log.TextDecorTest
Running com.jcabi.log.VerboseRunnableTest
[[0;33mWARN[m] pool-1-thread-24 com.jcabi.log.VerboseRunnable: swallowed exception: java.lang.IllegalArgumentException: boom
	at com.jcabi.log.VerboseRunnableTest$2.run(VerboseRunnableTest.java:76)
	at com.jcabi.log.VerboseRunnable.run(VerboseRunnable.java:198)
	at com.jcabi.log.VerboseRunnableTest.swallowsExceptionsInRunnable(VerboseRunnableTest.java:80)
	at sun.reflect.NativeMethodAccessorImpl.invoke0(Native Method)
	at sun.reflect.NativeMethodAccessorImpl.invoke(NativeMethodAccessorImpl.java:62)
	at sun.reflect.DelegatingMethodAccessorImpl.invoke(DelegatingMethodAccessorImpl.java:43)
	at java.lang.reflect.Method.invoke(Method.java:483)
	at org.junit.runners.model.FrameworkMethod$1.runReflectiveCall(FrameworkMethod.java:50)
	at org.junit.internal.runners.model.ReflectiveCallable.run(ReflectiveCallable.java:12)
	at org.junit.runners.model.FrameworkMethod.invokeExplosively(FrameworkMethod.java:47)
	at org.junit.internal.runners.statements.InvokeMethod.evaluate(InvokeMethod.java:17)
	at org.junit.runners.ParentRunner.runLeaf(ParentRunner.java:325)
	at org.junit.runners.BlockJUnit4ClassRunner.runChild(BlockJUnit4ClassRunner.java:78)
	at org.junit.runners.BlockJUnit4ClassRunner.runChild(BlockJUnit4ClassRunner.java:57)
	at org.junit.runners.ParentRunner$3.run(ParentRunner.java:290)
	at org.apache.maven.surefire.junitcore.pc.Scheduler$1.run(Scheduler.java:318)
	at java.util.concurrent.Executors$RunnableAdapter.call(Executors.java:511)
	at java.util.concurrent.FutureTask.run(FutureTask.java:266)
	at java.util.concurrent.ThreadPoolExecutor.runWorker(ThreadPoolExecutor.java:1142)
	at java.util.concurrent.ThreadPoolExecutor$Worker.run(ThreadPoolExecutor.java:617)
	at java.lang.Thread.run(Thread.java:745)

[[0;33mWARN[m] pool-3-thread-1 com.jcabi.log.VerboseRunnable: swallowed exception: java.lang.IllegalStateException('java.lang.InterruptedException: sleep interrupted')
[[0;33mWARN[m] pool-1-thread-10 com.jcabi.log.VerboseRunnable: escalated exception: java.lang.IllegalArgumentException: oops
	at com.jcabi.log.VerboseRunnableTest$1.run(VerboseRunnableTest.java:60)
	at com.jcabi.log.VerboseRunnable.run(VerboseRunnable.java:198)
	at com.jcabi.log.VerboseRunnableTest.logsExceptionsInRunnable(VerboseRunnableTest.java:63)
	at sun.reflect.NativeMethodAccessorImpl.invoke0(Native Method)
	at sun.reflect.NativeMethodAccessorImpl.invoke(NativeMethodAccessorImpl.java:62)
	at sun.reflect.DelegatingMethodAccessorImpl.invoke(DelegatingMethodAccessorImpl.java:43)
	at java.lang.reflect.Method.invoke(Method.java:483)
	at org.junit.runners.model.FrameworkMethod$1.runReflectiveCall(FrameworkMethod.java:50)
	at org.junit.internal.runners.model.ReflectiveCallable.run(ReflectiveCallable.java:12)
	at org.junit.runners.model.FrameworkMethod.invokeExplosively(FrameworkMethod.java:47)
	at org.junit.internal.runners.statements.InvokeMethod.evaluate(InvokeMethod.java:17)
	at org.junit.internal.runners.statements.ExpectException.evaluate(ExpectException.java:19)
	at org.junit.runners.ParentRunner.runLeaf(ParentRunner.java:325)
	at org.junit.runners.BlockJUnit4ClassRunner.runChild(BlockJUnit4ClassRunner.java:78)
	at org.junit.runners.BlockJUnit4ClassRunner.runChild(BlockJUnit4ClassRunner.java:57)
	at org.junit.runners.ParentRunner$3.run(ParentRunner.java:290)
	at org.apache.maven.surefire.junitcore.pc.Scheduler$1.run(Scheduler.java:318)
	at java.util.concurrent.Executors$RunnableAdapter.call(Executors.java:511)
	at java.util.concurrent.FutureTask.run(FutureTask.java:266)
	at java.util.concurrent.ThreadPoolExecutor.runWorker(ThreadPoolExecutor.java:1142)
	at java.util.concurrent.ThreadPoolExecutor$Worker.run(ThreadPoolExecutor.java:617)
	at java.lang.Thread.run(Thread.java:745)

[[0;33mWARN[m] pool-1-thread-23 com.jcabi.log.VerboseRunnable: swallowed exception: java.lang.IllegalStateException: java.lang.IllegalArgumentException: boom-2
	at com.jcabi.log.VerboseRunnable$1.run(VerboseRunnable.java:139)
	at com.jcabi.log.VerboseRunnable.run(VerboseRunnable.java:198)
	at com.jcabi.log.VerboseRunnableTest.swallowsExceptionsInCallable(VerboseRunnableTest.java:97)
	at sun.reflect.NativeMethodAccessorImpl.invoke0(Native Method)
	at sun.reflect.NativeMethodAccessorImpl.invoke(NativeMethodAccessorImpl.java:62)
	at sun.reflect.DelegatingMethodAccessorImpl.invoke(DelegatingMethodAccessorImpl.java:43)
	at java.lang.reflect.Method.invoke(Method.java:483)
	at org.junit.runners.model.FrameworkMethod$1.runReflectiveCall(FrameworkMethod.java:50)
	at org.junit.internal.runners.model.ReflectiveCallable.run(ReflectiveCallable.java:12)
	at org.junit.runners.model.FrameworkMethod.invokeExplosively(FrameworkMethod.java:47)
	at org.junit.internal.runners.statements.InvokeMethod.evaluate(InvokeMethod.java:17)
	at org.junit.runners.ParentRunner.runLeaf(ParentRunner.java:325)
	at org.junit.runners.BlockJUnit4ClassRunner.runChild(BlockJUnit4ClassRunner.java:78)
	at org.junit.runners.BlockJUnit4ClassRunner.runChild(BlockJUnit4ClassRunner.java:57)
	at org.junit.runners.ParentRunner$3.run(ParentRunner.java:290)
	at org.apache.maven.surefire.junitcore.pc.Scheduler$1.run(Scheduler.java:318)
	at java.util.concurrent.Executors$RunnableAdapter.call(Executors.java:511)
	at java.util.concurrent.FutureTask.run(FutureTask.java:266)
	at java.util.concurrent.ThreadPoolExecutor.runWorker(ThreadPoolExecutor.java:1142)
	at java.util.concurrent.ThreadPoolExecutor$Worker.run(ThreadPoolExecutor.java:617)
	at java.lang.Thread.run(Thread.java:745)
Caused by: java.lang.IllegalArgumentException: boom-2
	at com.jcabi.log.VerboseRunnableTest$3.call(VerboseRunnableTest.java:93)
	at com.jcabi.log.VerboseRunnableTest$3.call(VerboseRunnableTest.java:90)
	at com.jcabi.log.VerboseRunnable$1.run(VerboseRunnable.java:133)
	... 20 more

Tests run: 6, Failures: 0, Errors: 0, Skipped: 0, Time elapsed: 1.103 sec - in com.jcabi.log.VerboseRunnableTest
Running com.jcabi.log.DomDecorTest
Tests run: 2, Failures: 0, Errors: 0, Skipped: 0, Time elapsed: 0.172 sec - in com.jcabi.log.DomDecorTest
Running com.jcabi.log.VerboseProcessTest
[[2;37mDEBUG[m] pool-1-thread-19 com.jcabi.log.VerboseProcessTest: logsErrorWhenUnderlyingStreamIsClosed.verboseProcess.hashCode=2053321063
[[2;37mDEBUG[m] pool-1-thread-19 com.jcabi.log.VerboseProcess: #waitFor(): waiting for stdout of Mock for Process, hashCode: 2053321004 in Thread[VrbPrc.Monitor-2053321063-out,5,main]...
[[2;37mDEBUG[m] VrbPrc.Monitor-2053321063-out com.jcabi.log.VerboseProcess$Monitor: ***isInterrupted=false
[[2;37mDEBUG[m] VrbPrc.Monitor-2053321063-err com.jcabi.log.VerboseProcess$Monitor: ***isInterrupted=false
[[2;37mDEBUG[m] pool-1-thread-19 com.jcabi.log.VerboseProcess: #waitFor(): waiting for stderr of Mock for Process, hashCode: 2053321004 in Thread[VrbPrc.Monitor-2053321063-err,5,main]...
[[0;31mERROR[m] VrbPrc.Monitor-2053321063-out com.jcabi.log.VerboseProcess: Error reading from process stream: java.io.IOException: Invalid handle
	at sun.nio.ch.FileDispatcherImpl.read0(Native Method)
	at sun.nio.ch.FileDispatcherImpl.read(FileDispatcherImpl.java:60)
	at sun.nio.ch.IOUtil.readIntoNativeBuffer(IOUtil.java:223)
	at sun.nio.ch.IOUtil.read(IOUtil.java:197)
	at sun.nio.ch.FileChannelImpl.read(FileChannelImpl.java:158)
	at sun.nio.cs.StreamDecoder.readBytes(StreamDecoder.java:274)
	at sun.nio.cs.StreamDecoder.implRead(StreamDecoder.java:326)
	at sun.nio.cs.StreamDecoder.read(StreamDecoder.java:178)
	at java.io.BufferedReader.fill(BufferedReader.java:161)
	at java.io.BufferedReader.readLine(BufferedReader.java:324)
	at java.io.BufferedReader.readLine(BufferedReader.java:389)
	at com.jcabi.log.VerboseProcess$Monitor.call(VerboseProcess.java:406)
	at com.jcabi.log.VerboseProcess$Monitor.call(VerboseProcess.java:353)
	at com.jcabi.log.VerboseRunnable$1.run(VerboseRunnable.java:133)
	at com.jcabi.log.VerboseRunnable.run(VerboseRunnable.java:198)
	at java.lang.Thread.run(Thread.java:745)

[[2;37mDEBUG[m] pool-1-thread-19 com.jcabi.log.VerboseProcess: #waitFor(): process finished: Mock for Process, hashCode: 2053321004
[[2;37mDEBUG[m] pool-1-thread-19 com.jcabi.log.VerboseProcess: #stdout(): process Mock for Process, hashCode: 2053321004 completed (code=0, size=0) in 1ms
[[2;37mDEBUG[m] pool-1-thread-22 com.jcabi.log.VerboseProcess: #waitFor(): waiting for stdout of java.lang.ProcessImpl@112cffbf in Thread[VrbPrc.Monitor-288161786-out,5,main]...
[[2;37mDEBUG[m] pool-1-thread-22 com.jcabi.log.VerboseProcess: #waitFor(): waiting for stderr of java.lang.ProcessImpl@112cffbf in Thread[VrbPrc.Monitor-288161786-err,5,main]...
[[2;37mDEBUG[m] VrbPrc.Monitor-288161786-err com.jcabi.log.VerboseProcess$Monitor: ***isInterrupted=false
[[2;37mDEBUG[m] VrbPrc.Monitor-288161786-out com.jcabi.log.VerboseProcess$Monitor: ***isInterrupted=false
[[2;37mDEBUG[m] VrbPrc.Monitor-288161786-err com.jcabi.log.VerboseProcess: >> "hello dear friend" 
[[2;37mDEBUG[m] VrbPrc.Monitor-288161786-err com.jcabi.log.VerboseProcess$Monitor: ***isInterrupted=false
[[2;37mDEBUG[m] pool-1-thread-22 com.jcabi.log.VerboseProcess: #waitFor(): process finished: java.lang.ProcessImpl@112cffbf
[[2;37mDEBUG[m] pool-1-thread-22 com.jcabi.log.VerboseProcess: #stdout(): process java.lang.ProcessImpl@112cffbf completed (code=0, size=0) in 79ms
[[2;37mDEBUG[m] pool-1-thread-16 com.jcabi.log.VerboseProcessTest: terminatesMonitorsAndUnderlyingProcessWhenClosed.verboseProcess.hashCode=1544500866
[[2;37mDEBUG[m] pool-1-thread-16 com.jcabi.log.VerboseProcess: #waitFor(): waiting for stdout of Mock for Process, hashCode: 1544500807 in Thread[VrbPrc.Monitor-1544500866-out,5,main]...
[[2;37mDEBUG[m] VrbPrc.Monitor-1544500866-out com.jcabi.log.VerboseProcess$Monitor: ***isInterrupted=false
[[2;37mDEBUG[m] pool-1-thread-16 com.jcabi.log.VerboseProcess: #waitFor(): waiting for stderr of Mock for Process, hashCode: 1544500807 in Thread[VrbPrc.Monitor-1544500866-err,5,main]...
[[2;37mDEBUG[m] pool-1-thread-16 com.jcabi.log.VerboseProcess: #waitFor(): process finished: Mock for Process, hashCode: 1544500807
[[2;37mDEBUG[m] VrbPrc.Monitor-1544500866-err com.jcabi.log.VerboseProcess$Monitor: ***isInterrupted=false
[[2;37mDEBUG[m] VrbPrc.Monitor-1544500866-out com.jcabi.log.VerboseProcess$Monitor: ***isInterrupted=false
[[2;37mDEBUG[m] VrbPrc.Monitor-1544500866-out com.jcabi.log.VerboseProcess$Monitor: ***isInterrupted=false
[[2;37mDEBUG[m] VrbPrc.Monitor-1544500866-err com.jcabi.log.VerboseProcess$Monitor: ***isInterrupted=false
[[2;37mDEBUG[m] VrbPrc.Monitor-1544500866-out com.jcabi.log.VerboseProcess$Monitor: ***isInterrupted=false
[[2;37mDEBUG[m] VrbPrc.Monitor-1544500866-err com.jcabi.log.VerboseProcess$Monitor: ***isInterrupted=false
[[2;37mDEBUG[m] VrbPrc.Monitor-1544500866-out com.jcabi.log.VerboseProcess$Monitor: ***isInterrupted=false
[[2;37mDEBUG[m] VrbPrc.Monitor-1544500866-err com.jcabi.log.VerboseProcess$Monitor: ***isInterrupted=false
[[2;37mDEBUG[m] VrbPrc.Monitor-1544500866-out com.jcabi.log.VerboseProcess$Monitor: ***isInterrupted=false
[[2;37mDEBUG[m] VrbPrc.Monitor-1544500866-err com.jcabi.log.VerboseProcess$Monitor: ***isInterrupted=false
[[2;37mDEBUG[m] VrbPrc.Monitor-1544500866-out com.jcabi.log.VerboseProcess$Monitor: ***isInterrupted=false
[[2;37mDEBUG[m] VrbPrc.Monitor-1544500866-err com.jcabi.log.VerboseProcess$Monitor: ***isInterrupted=false
[[2;37mDEBUG[m] VrbPrc.Monitor-1544500866-out com.jcabi.log.VerboseProcess$Monitor: ***isInterrupted=false
[[2;37mDEBUG[m] VrbPrc.Monitor-1544500866-err com.jcabi.log.VerboseProcess$Monitor: ***isInterrupted=false
[[2;37mDEBUG[m] VrbPrc.Monitor-1544500866-out com.jcabi.log.VerboseProcess$Monitor: ***isInterrupted=false
[[2;37mDEBUG[m] VrbPrc.Monitor-1544500866-out com.jcabi.log.VerboseProcess$Monitor: ***isInterrupted=false
[[2;37mDEBUG[m] VrbPrc.Monitor-1544500866-out com.jcabi.log.VerboseProcess$Monitor: ***isInterrupted=false
[[2;37mDEBUG[m] VrbPrc.Monitor-1544500866-out com.jcabi.log.VerboseProcess$Monitor: ***isInterrupted=false
[[2;37mDEBUG[m] VrbPrc.Monitor-1544500866-out com.jcabi.log.VerboseProcess$Monitor: ***isInterrupted=false
[[2;37mDEBUG[m] VrbPrc.Monitor-1544500866-out com.jcabi.log.VerboseProcess$Monitor: ***isInterrupted=false
[[2;37mDEBUG[m] VrbPrc.Monitor-1544500866-out com.jcabi.log.VerboseProcess$Monitor: ***isInterrupted=false
[[2;37mDEBUG[m] VrbPrc.Monitor-1544500866-out com.jcabi.log.VerboseProcess$Monitor: ***isInterrupted=false
[[2;37mDEBUG[m] VrbPrc.Monitor-1544500866-out com.jcabi.log.VerboseProcess$Monitor: ***isInterrupted=false
[[2;37mDEBUG[m] VrbPrc.Monitor-1544500866-out com.jcabi.log.VerboseProcess$Monitor: ***isInterrupted=false
[[2;37mDEBUG[m] VrbPrc.Monitor-1544500866-out com.jcabi.log.VerboseProcess$Monitor: ***isInterrupted=false
[[2;37mDEBUG[m] VrbPrc.Monitor-1544500866-out com.jcabi.log.VerboseProcess$Monitor: ***isInterrupted=false
[[2;37mDEBUG[m] VrbPrc.Monitor-1544500866-out com.jcabi.log.VerboseProcess$Monitor: ***isInterrupted=false
[[2;37mDEBUG[m] VrbPrc.Monitor-1544500866-out com.jcabi.log.VerboseProcess$Monitor: ***isInterrupted=false
[[2;37mDEBUG[m] VrbPrc.Monitor-1544500866-out com.jcabi.log.VerboseProcess$Monitor: ***isInterrupted=false
[[2;37mDEBUG[m] VrbPrc.Monitor-1544500866-out com.jcabi.log.VerboseProcess$Monitor: ***isInterrupted=false
[[2;37mDEBUG[m] VrbPrc.Monitor-1544500866-out com.jcabi.log.VerboseProcess$Monitor: ***isInterrupted=false
[[2;37mDEBUG[m] VrbPrc.Monitor-1544500866-out com.jcabi.log.VerboseProcess$Monitor: ***isInterrupted=false
[[2;37mDEBUG[m] VrbPrc.Monitor-1544500866-err com.jcabi.log.VerboseProcess$Monitor: ***isInterrupted=false
[[2;37mDEBUG[m] VrbPrc.Monitor-1544500866-err com.jcabi.log.VerboseProcess$Monitor: ***isInterrupted=false
[[2;37mDEBUG[m] VrbPrc.Monitor-1544500866-err com.jcabi.log.VerboseProcess$Monitor: ***isInterrupted=false
[[2;37mDEBUG[m] VrbPrc.Monitor-1544500866-err com.jcabi.log.VerboseProcess$Monitor: ***isInterrupted=false
[[2;37mDEBUG[m] VrbPrc.Monitor-1544500866-err com.jcabi.log.VerboseProcess$Monitor: ***isInterrupted=false
[[2;37mDEBUG[m] VrbPrc.Monitor-1544500866-err com.jcabi.log.VerboseProcess$Monitor: ***isInterrupted=false
[[2;37mDEBUG[m] VrbPrc.Monitor-1544500866-err com.jcabi.log.VerboseProcess$Monitor: ***isInterrupted=false
[[2;37mDEBUG[m] VrbPrc.Monitor-1544500866-err com.jcabi.log.VerboseProcess$Monitor: ***isInterrupted=false
[[2;37mDEBUG[m] VrbPrc.Monitor-1544500866-err com.jcabi.log.VerboseProcess$Monitor: ***isInterrupted=false
[[2;37mDEBUG[m] VrbPrc.Monitor-1544500866-err com.jcabi.log.VerboseProcess$Monitor: ***isInterrupted=false
[[2;37mDEBUG[m] VrbPrc.Monitor-1544500866-err com.jcabi.log.VerboseProcess$Monitor: ***isInterrupted=false
[[2;37mDEBUG[m] VrbPrc.Monitor-1544500866-err com.jcabi.log.VerboseProcess$Monitor: ***isInterrupted=false
[[2;37mDEBUG[m] VrbPrc.Monitor-1544500866-err com.jcabi.log.VerboseProcess$Monitor: ***isInterrupted=false
[[2;37mDEBUG[m] VrbPrc.Monitor-1544500866-err com.jcabi.log.VerboseProcess$Monitor: ***isInterrupted=false
[[2;37mDEBUG[m] VrbPrc.Monitor-1544500866-err com.jcabi.log.VerboseProcess$Monitor: ***isInterrupted=false
[[2;37mDEBUG[m] VrbPrc.Monitor-1544500866-err com.jcabi.log.VerboseProcess$Monitor: ***isInterrupted=false
[[2;37mDEBUG[m] VrbPrc.Monitor-1544500866-err com.jcabi.log.VerboseProcess$Monitor: ***isInterrupted=false
[[2;37mDEBUG[m] VrbPrc.Monitor-1544500866-err com.jcabi.log.VerboseProcess$Monitor: ***isInterrupted=false
[[2;37mDEBUG[m] VrbPrc.Monitor-1544500866-err com.jcabi.log.VerboseProcess$Monitor: ***isInterrupted=false
[[2;37mDEBUG[m] VrbPrc.Monitor-1544500866-err com.jcabi.log.VerboseProcess$Monitor: ***isInterrupted=false
[[2;37mDEBUG[m] VrbPrc.Monitor-1544500866-err com.jcabi.log.VerboseProcess$Monitor: ***isInterrupted=false
[[2;37mDEBUG[m] VrbPrc.Monitor-1544500866-err com.jcabi.log.VerboseProcess$Monitor: ***isInterrupted=false
[[2;37mDEBUG[m] VrbPrc.Monitor-1544500866-err com.jcabi.log.VerboseProcess$Monitor: ***isInterrupted=false
[[2;37mDEBUG[m] VrbPrc.Monitor-1544500866-err com.jcabi.log.VerboseProcess$Monitor: ***isInterrupted=false
[[2;37mDEBUG[m] VrbPrc.Monitor-1544500866-err com.jcabi.log.VerboseProcess$Monitor: ***isInterrupted=false
[[2;37mDEBUG[m] VrbPrc.Monitor-1544500866-err com.jcabi.log.VerboseProcess$Monitor: ***isInterrupted=false
[[2;37mDEBUG[m] VrbPrc.Monitor-1544500866-err com.jcabi.log.VerboseProcess$Monitor: ***isInterrupted=false
[[2;37mDEBUG[m] VrbPrc.Monitor-1544500866-err com.jcabi.log.VerboseProcess$Monitor: ***isInterrupted=false
[[2;37mDEBUG[m] VrbPrc.Monitor-1544500866-err com.jcabi.log.VerboseProcess$Monitor: ***isInterrupted=false
[[2;37mDEBUG[m] VrbPrc.Monitor-1544500866-err com.jcabi.log.VerboseProcess$Monitor: ***isInterrupted=false
[[2;37mDEBUG[m] VrbPrc.Monitor-1544500866-err com.jcabi.log.VerboseProcess$Monitor: ***isInterrupted=false
[[2;37mDEBUG[m] VrbPrc.Monitor-1544500866-err com.jcabi.log.VerboseProcess$Monitor: ***isInterrupted=false
[[2;37mDEBUG[m] VrbPrc.Monitor-1544500866-err com.jcabi.log.VerboseProcess$Monitor: ***isInterrupted=false
[[2;37mDEBUG[m] VrbPrc.Monitor-1544500866-err com.jcabi.log.VerboseProcess$Monitor: ***isInterrupted=false
[[2;37mDEBUG[m] VrbPrc.Monitor-1544500866-err com.jcabi.log.VerboseProcess$Monitor: ***isInterrupted=false
[[2;37mDEBUG[m] VrbPrc.Monitor-1544500866-err com.jcabi.log.VerboseProcess$Monitor: ***isInterrupted=false
[[2;37mDEBUG[m] VrbPrc.Monitor-1544500866-err com.jcabi.log.VerboseProcess$Monitor: ***isInterrupted=false
[[2;37mDEBUG[m] VrbPrc.Monitor-1544500866-err com.jcabi.log.VerboseProcess$Monitor: ***isInterrupted=false
[[2;37mDEBUG[m] VrbPrc.Monitor-1544500866-err com.jcabi.log.VerboseProcess$Monitor: ***isInterrupted=false
[[2;37mDEBUG[m] VrbPrc.Monitor-1544500866-err com.jcabi.log.VerboseProcess$Monitor: ***isInterrupted=false
[[2;37mDEBUG[m] VrbPrc.Monitor-1544500866-err com.jcabi.log.VerboseProcess$Monitor: ***isInterrupted=false
[[2;37mDEBUG[m] VrbPrc.Monitor-1544500866-err com.jcabi.log.VerboseProcess$Monitor: ***isInterrupted=false
[[2;37mDEBUG[m] VrbPrc.Monitor-1544500866-err com.jcabi.log.VerboseProcess$Monitor: ***isInterrupted=false
[[2;37mDEBUG[m] VrbPrc.Monitor-1544500866-err com.jcabi.log.VerboseProcess$Monitor: ***isInterrupted=false
[[2;37mDEBUG[m] VrbPrc.Monitor-1544500866-err com.jcabi.log.VerboseProcess$Monitor: ***isInterrupted=false
[[2;37mDEBUG[m] VrbPrc.Monitor-1544500866-err com.jcabi.log.VerboseProcess$Monitor: ***isInterrupted=false
[[2;37mDEBUG[m] VrbPrc.Monitor-1544500866-err com.jcabi.log.VerboseProcess$Monitor: ***isInterrupted=false
[[2;37mDEBUG[m] VrbPrc.Monitor-1544500866-err com.jcabi.log.VerboseProcess$Monitor: ***isInterrupted=false
[[2;37mDEBUG[m] VrbPrc.Monitor-1544500866-err com.jcabi.log.VerboseProcess$Monitor: ***isInterrupted=false
[[2;37mDEBUG[m] VrbPrc.Monitor-1544500866-err com.jcabi.log.VerboseProcess$Monitor: ***isInterrupted=false
[[2;37mDEBUG[m] VrbPrc.Monitor-1544500866-err com.jcabi.log.VerboseProcess$Monitor: ***isInterrupted=false
[[2;37mDEBUG[m] VrbPrc.Monitor-1544500866-err com.jcabi.log.VerboseProcess$Monitor: ***isInterrupted=false
[[2;37mDEBUG[m] VrbPrc.Monitor-1544500866-err com.jcabi.log.VerboseProcess$Monitor: ***isInterrupted=false
[[2;37mDEBUG[m] VrbPrc.Monitor-1544500866-out com.jcabi.log.VerboseProcess$Monitor: ***isInterrupted=false
[[2;37mDEBUG[m] VrbPrc.Monitor-1544500866-err com.jcabi.log.VerboseProcess$Monitor: ***isInterrupted=false
[[2;37mDEBUG[m] VrbPrc.Monitor-1544500866-out com.jcabi.log.VerboseProcess$Monitor: ***isInterrupted=false
[[2;37mDEBUG[m] VrbPrc.Monitor-1544500866-err com.jcabi.log.VerboseProcess$Monitor: ***isInterrupted=false
[[2;37mDEBUG[m] VrbPrc.Monitor-1544500866-out com.jcabi.log.VerboseProcess$Monitor: ***isInterrupted=false
[[2;37mDEBUG[m] VrbPrc.Monitor-1544500866-err com.jcabi.log.VerboseProcess$Monitor: ***isInterrupted=false
[[2;37mDEBUG[m] VrbPrc.Monitor-1544500866-out com.jcabi.log.VerboseProcess$Monitor: ***isInterrupted=false
[[2;37mDEBUG[m] VrbPrc.Monitor-1544500866-err com.jcabi.log.VerboseProcess$Monitor: ***isInterrupted=false
[[2;37mDEBUG[m] VrbPrc.Monitor-1544500866-out com.jcabi.log.VerboseProcess$Monitor: ***isInterrupted=false
[[2;37mDEBUG[m] VrbPrc.Monitor-1544500866-err com.jcabi.log.VerboseProcess$Monitor: ***isInterrupted=false
[[2;37mDEBUG[m] VrbPrc.Monitor-1544500866-out com.jcabi.log.VerboseProcess$Monitor: ***isInterrupted=false
[[2;37mDEBUG[m] VrbPrc.Monitor-1544500866-err com.jcabi.log.VerboseProcess$Monitor: ***isInterrupted=false
[[2;37mDEBUG[m] VrbPrc.Monitor-1544500866-out com.jcabi.log.VerboseProcess$Monitor: ***isInterrupted=false
[[2;37mDEBUG[m] VrbPrc.Monitor-1544500866-out com.jcabi.log.VerboseProcess$Monitor: ***isInterrupted=false
[[2;37mDEBUG[m] VrbPrc.Monitor-1544500866-out com.jcabi.log.VerboseProcess$Monitor: ***isInterrupted=false
[[2;37mDEBUG[m] VrbPrc.Monitor-1544500866-out com.jcabi.log.VerboseProcess$Monitor: ***isInterrupted=false
[[2;37mDEBUG[m] VrbPrc.Monitor-1544500866-out com.jcabi.log.VerboseProcess$Monitor: ***isInterrupted=false
[[2;37mDEBUG[m] VrbPrc.Monitor-1544500866-out com.jcabi.log.VerboseProcess$Monitor: ***isInterrupted=false
[[2;37mDEBUG[m] VrbPrc.Monitor-1544500866-out com.jcabi.log.VerboseProcess$Monitor: ***isInterrupted=false
[[2;37mDEBUG[m] VrbPrc.Monitor-1544500866-out com.jcabi.log.VerboseProcess$Monitor: ***isInterrupted=false
[[2;37mDEBUG[m] VrbPrc.Monitor-1544500866-out com.jcabi.log.VerboseProcess$Monitor: ***isInterrupted=false
[[2;37mDEBUG[m] VrbPrc.Monitor-1544500866-out com.jcabi.log.VerboseProcess$Monitor: ***isInterrupted=false
[[2;37mDEBUG[m] VrbPrc.Monitor-1544500866-out com.jcabi.log.VerboseProcess$Monitor: ***isInterrupted=false
[[2;37mDEBUG[m] VrbPrc.Monitor-1544500866-out com.jcabi.log.VerboseProcess$Monitor: ***isInterrupted=false
[[2;37mDEBUG[m] VrbPrc.Monitor-1544500866-out com.jcabi.log.VerboseProcess$Monitor: ***isInterrupted=false
[[2;37mDEBUG[m] VrbPrc.Monitor-1544500866-out com.jcabi.log.VerboseProcess$Monitor: ***isInterrupted=false
[[2;37mDEBUG[m] VrbPrc.Monitor-1544500866-out com.jcabi.log.VerboseProcess$Monitor: ***isInterrupted=false
[[2;37mDEBUG[m] VrbPrc.Monitor-1544500866-out com.jcabi.log.VerboseProcess$Monitor: ***isInterrupted=false
[[2;37mDEBUG[m] VrbPrc.Monitor-1544500866-out com.jcabi.log.VerboseProcess$Monitor: ***isInterrupted=false
[[2;37mDEBUG[m] VrbPrc.Monitor-1544500866-out com.jcabi.log.VerboseProcess$Monitor: ***isInterrupted=false
[[2;37mDEBUG[m] VrbPrc.Monitor-1544500866-out com.jcabi.log.VerboseProcess$Monitor: ***isInterrupted=false
[[2;37mDEBUG[m] VrbPrc.Monitor-1544500866-out com.jcabi.log.VerboseProcess$Monitor: ***isInterrupted=false
[[2;37mDEBUG[m] VrbPrc.Monitor-1544500866-out com.jcabi.log.VerboseProcess$Monitor: ***isInterrupted=false
[[2;37mDEBUG[m] VrbPrc.Monitor-1544500866-out com.jcabi.log.VerboseProcess$Monitor: ***isInterrupted=false
[[2;37mDEBUG[m] VrbPrc.Monitor-1544500866-out com.jcabi.log.VerboseProcess$Monitor: ***isInterrupted=false
[[2;37mDEBUG[m] VrbPrc.Monitor-1544500866-out com.jcabi.log.VerboseProcess$Monitor: ***isInterrupted=false
[[2;37mDEBUG[m] VrbPrc.Monitor-1544500866-out com.jcabi.log.VerboseProcess$Monitor: ***isInterrupted=false
[[2;37mDEBUG[m] VrbPrc.Monitor-1544500866-out com.jcabi.log.VerboseProcess$Monitor: ***isInterrupted=false
[[2;37mDEBUG[m] VrbPrc.Monitor-1544500866-out com.jcabi.log.VerboseProcess$Monitor: ***isInterrupted=false
[[2;37mDEBUG[m] VrbPrc.Monitor-1544500866-out com.jcabi.log.VerboseProcess$Monitor: ***isInterrupted=false
[[2;37mDEBUG[m] VrbPrc.Monitor-1544500866-out com.jcabi.log.VerboseProcess$Monitor: ***isInterrupted=false
[[2;37mDEBUG[m] VrbPrc.Monitor-1544500866-out com.jcabi.log.VerboseProcess$Monitor: ***isInterrupted=false
[[2;37mDEBUG[m] VrbPrc.Monitor-1544500866-out com.jcabi.log.VerboseProcess$Monitor: ***isInterrupted=false
[[2;37mDEBUG[m] VrbPrc.Monitor-1544500866-out com.jcabi.log.VerboseProcess$Monitor: ***isInterrupted=false
[[2;37mDEBUG[m] VrbPrc.Monitor-1544500866-out com.jcabi.log.VerboseProcess$Monitor: ***isInterrupted=false
[[2;37mDEBUG[m] VrbPrc.Monitor-1544500866-out com.jcabi.log.VerboseProcess$Monitor: ***isInterrupted=false
[[2;37mDEBUG[m] VrbPrc.Monitor-1544500866-out com.jcabi.log.VerboseProcess$Monitor: ***isInterrupted=false
[[2;37mDEBUG[m] VrbPrc.Monitor-1544500866-out com.jcabi.log.VerboseProcess$Monitor: ***isInterrupted=false
[[2;37mDEBUG[m] VrbPrc.Monitor-1544500866-out com.jcabi.log.VerboseProcess$Monitor: ***isInterrupted=false
[[2;37mDEBUG[m] VrbPrc.Monitor-1544500866-out com.jcabi.log.VerboseProcess$Monitor: ***isInterrupted=false
[[2;37mDEBUG[m] VrbPrc.Monitor-1544500866-out com.jcabi.log.VerboseProcess$Monitor: ***isInterrupted=false
[[2;37mDEBUG[m] VrbPrc.Monitor-1544500866-out com.jcabi.log.VerboseProcess$Monitor: ***isInterrupted=false
[[2;37mDEBUG[m] VrbPrc.Monitor-1544500866-out com.jcabi.log.VerboseProcess$Monitor: ***isInterrupted=false
[[2;37mDEBUG[m] VrbPrc.Monitor-1544500866-out com.jcabi.log.VerboseProcess$Monitor: ***isInterrupted=false
[[2;37mDEBUG[m] VrbPrc.Monitor-1544500866-out com.jcabi.log.VerboseProcess$Monitor: ***isInterrupted=false
[[2;37mDEBUG[m] VrbPrc.Monitor-1544500866-out com.jcabi.log.VerboseProcess$Monitor: ***isInterrupted=false
[[2;37mDEBUG[m] VrbPrc.Monitor-1544500866-out com.jcabi.log.VerboseProcess$Monitor: ***isInterrupted=false
[[2;37mDEBUG[m] VrbPrc.Monitor-1544500866-out com.jcabi.log.VerboseProcess$Monitor: ***isInterrupted=false
[[2;37mDEBUG[m] VrbPrc.Monitor-1544500866-out com.jcabi.log.VerboseProcess$Monitor: ***isInterrupted=false
[[2;37mDEBUG[m] VrbPrc.Monitor-1544500866-out com.jcabi.log.VerboseProcess$Monitor: ***isInterrupted=false
[[2;37mDEBUG[m] VrbPrc.Monitor-1544500866-out com.jcabi.log.VerboseProcess$Monitor: ***isInterrupted=false
[[2;37mDEBUG[m] VrbPrc.Monitor-1544500866-out com.jcabi.log.VerboseProcess$Monitor: ***isInterrupted=false
[[2;37mDEBUG[m] VrbPrc.Monitor-1544500866-out com.jcabi.log.VerboseProcess$Monitor: ***isInterrupted=false
[[2;37mDEBUG[m] VrbPrc.Monitor-1544500866-out com.jcabi.log.VerboseProcess$Monitor: ***isInterrupted=false
[[2;37mDEBUG[m] VrbPrc.Monitor-1544500866-out com.jcabi.log.VerboseProcess$Monitor: ***isInterrupted=false
[[2;37mDEBUG[m] VrbPrc.Monitor-1544500866-out com.jcabi.log.VerboseProcess$Monitor: ***isInterrupted=false
[[2;37mDEBUG[m] VrbPrc.Monitor-1544500866-out com.jcabi.log.VerboseProcess$Monitor: ***isInterrupted=false
[[2;37mDEBUG[m] VrbPrc.Monitor-1544500866-out com.jcabi.log.VerboseProcess$Monitor: ***isInterrupted=false
[[2;37mDEBUG[m] VrbPrc.Monitor-1544500866-out com.jcabi.log.VerboseProcess$Monitor: ***isInterrupted=false
[[2;37mDEBUG[m] VrbPrc.Monitor-1544500866-out com.jcabi.log.VerboseProcess$Monitor: ***isInterrupted=false
[[2;37mDEBUG[m] VrbPrc.Monitor-1544500866-out com.jcabi.log.VerboseProcess$Monitor: ***isInterrupted=false
[[2;37mDEBUG[m] VrbPrc.Monitor-1544500866-out com.jcabi.log.VerboseProcess$Monitor: ***isInterrupted=false
[[2;37mDEBUG[m] VrbPrc.Monitor-1544500866-out com.jcabi.log.VerboseProcess$Monitor: ***isInterrupted=false
[[2;37mDEBUG[m] VrbPrc.Monitor-1544500866-out com.jcabi.log.VerboseProcess$Monitor: ***isInterrupted=false
[[2;37mDEBUG[m] VrbPrc.Monitor-1544500866-out com.jcabi.log.VerboseProcess$Monitor: ***isInterrupted=false
[[2;37mDEBUG[m] VrbPrc.Monitor-1544500866-out com.jcabi.log.VerboseProcess$Monitor: ***isInterrupted=false
[[2;37mDEBUG[m] VrbPrc.Monitor-1544500866-out com.jcabi.log.VerboseProcess$Monitor: ***isInterrupted=false
[[2;37mDEBUG[m] VrbPrc.Monitor-1544500866-out com.jcabi.log.VerboseProcess$Monitor: ***isInterrupted=false
[[2;37mDEBUG[m] VrbPrc.Monitor-1544500866-out com.jcabi.log.VerboseProcess$Monitor: ***isInterrupted=false
[[2;37mDEBUG[m] VrbPrc.Monitor-1544500866-out com.jcabi.log.VerboseProcess$Monitor: ***isInterrupted=false
[[2;37mDEBUG[m] VrbPrc.Monitor-1544500866-out com.jcabi.log.VerboseProcess$Monitor: ***isInterrupted=false
[[2;37mDEBUG[m] VrbPrc.Monitor-1544500866-out com.jcabi.log.VerboseProcess$Monitor: ***isInterrupted=false
[[2;37mDEBUG[m] VrbPrc.Monitor-1544500866-out com.jcabi.log.VerboseProcess$Monitor: ***isInterrupted=false
[[2;37mDEBUG[m] VrbPrc.Monitor-1544500866-out com.jcabi.log.VerboseProcess$Monitor: ***isInterrupted=false
[[2;37mDEBUG[m] VrbPrc.Monitor-1544500866-out com.jcabi.log.VerboseProcess$Monitor: ***isInterrupted=false
[[2;37mDEBUG[m] VrbPrc.Monitor-1544500866-out com.jcabi.log.VerboseProcess$Monitor: ***isInterrupted=false
[[2;37mDEBUG[m] VrbPrc.Monitor-1544500866-out com.jcabi.log.VerboseProcess$Monitor: ***isInterrupted=false
[[2;37mDEBUG[m] VrbPrc.Monitor-1544500866-out com.jcabi.log.VerboseProcess$Monitor: ***isInterrupted=false
[[2;37mDEBUG[m] VrbPrc.Monitor-1544500866-out com.jcabi.log.VerboseProcess$Monitor: ***isInterrupted=false
[[2;37mDEBUG[m] VrbPrc.Monitor-1544500866-out com.jcabi.log.VerboseProcess$Monitor: ***isInterrupted=false
[[2;37mDEBUG[m] VrbPrc.Monitor-1544500866-out com.jcabi.log.VerboseProcess$Monitor: ***isInterrupted=false
[[2;37mDEBUG[m] VrbPrc.Monitor-1544500866-out com.jcabi.log.VerboseProcess$Monitor: ***isInterrupted=false
[[2;37mDEBUG[m] VrbPrc.Monitor-1544500866-out com.jcabi.log.VerboseProcess$Monitor: ***isInterrupted=false
[[2;37mDEBUG[m] VrbPrc.Monitor-1544500866-out com.jcabi.log.VerboseProcess$Monitor: ***isInterrupted=false
[[2;37mDEBUG[m] VrbPrc.Monitor-1544500866-out com.jcabi.log.VerboseProcess$Monitor: ***isInterrupted=false
[[2;37mDEBUG[m] VrbPrc.Monitor-1544500866-out com.jcabi.log.VerboseProcess$Monitor: ***isInterrupted=false
[[2;37mDEBUG[m] VrbPrc.Monitor-1544500866-out com.jcabi.log.VerboseProcess$Monitor: ***isInterrupted=false
[[2;37mDEBUG[m] VrbPrc.Monitor-1544500866-out com.jcabi.log.VerboseProcess$Monitor: ***isInterrupted=false
[[2;37mDEBUG[m] VrbPrc.Monitor-1544500866-out com.jcabi.log.VerboseProcess$Monitor: ***isInterrupted=false
[[2;37mDEBUG[m] VrbPrc.Monitor-1544500866-out com.jcabi.log.VerboseProcess$Monitor: ***isInterrupted=false
[[2;37mDEBUG[m] VrbPrc.Monitor-1544500866-out com.jcabi.log.VerboseProcess$Monitor: ***isInterrupted=false
[[2;37mDEBUG[m] VrbPrc.Monitor-1544500866-out com.jcabi.log.VerboseProcess$Monitor: ***isInterrupted=false
[[2;37mDEBUG[m] VrbPrc.Monitor-1544500866-out com.jcabi.log.VerboseProcess$Monitor: ***isInterrupted=false
[[2;37mDEBUG[m] VrbPrc.Monitor-1544500866-out com.jcabi.log.VerboseProcess$Monitor: ***isInterrupted=false
[[2;37mDEBUG[m] VrbPrc.Monitor-1544500866-out com.jcabi.log.VerboseProcess$Monitor: ***isInterrupted=false
[[2;37mDEBUG[m] VrbPrc.Monitor-1544500866-out com.jcabi.log.VerboseProcess$Monitor: ***isInterrupted=false
[[2;37mDEBUG[m] VrbPrc.Monitor-1544500866-out com.jcabi.log.VerboseProcess$Monitor: ***isInterrupted=false
[[2;37mDEBUG[m] VrbPrc.Monitor-1544500866-out com.jcabi.log.VerboseProcess$Monitor: ***isInterrupted=false
[[2;37mDEBUG[m] VrbPrc.Monitor-1544500866-out com.jcabi.log.VerboseProcess$Monitor: ***isInterrupted=false
[[2;37mDEBUG[m] VrbPrc.Monitor-1544500866-out com.jcabi.log.VerboseProcess$Monitor: ***isInterrupted=false
[[2;37mDEBUG[m] VrbPrc.Monitor-1544500866-out com.jcabi.log.VerboseProcess$Monitor: ***isInterrupted=false
[[2;37mDEBUG[m] VrbPrc.Monitor-1544500866-out com.jcabi.log.VerboseProcess$Monitor: ***isInterrupted=false
[[2;37mDEBUG[m] VrbPrc.Monitor-1544500866-out com.jcabi.log.VerboseProcess$Monitor: ***isInterrupted=false
[[2;37mDEBUG[m] VrbPrc.Monitor-1544500866-out com.jcabi.log.VerboseProcess$Monitor: ***isInterrupted=false
[[2;37mDEBUG[m] VrbPrc.Monitor-1544500866-out com.jcabi.log.VerboseProcess$Monitor: ***isInterrupted=false
[[2;37mDEBUG[m] VrbPrc.Monitor-1544500866-out com.jcabi.log.VerboseProcess$Monitor: ***isInterrupted=false
[[2;37mDEBUG[m] VrbPrc.Monitor-1544500866-out com.jcabi.log.VerboseProcess$Monitor: ***isInterrupted=false
[[2;37mDEBUG[m] VrbPrc.Monitor-1544500866-out com.jcabi.log.VerboseProcess$Monitor: ***isInterrupted=false
[[2;37mDEBUG[m] VrbPrc.Monitor-1544500866-out com.jcabi.log.VerboseProcess$Monitor: ***isInterrupted=false
[[2;37mDEBUG[m] VrbPrc.Monitor-1544500866-out com.jcabi.log.VerboseProcess$Monitor: ***isInterrupted=false
[[2;37mDEBUG[m] VrbPrc.Monitor-1544500866-out com.jcabi.log.VerboseProcess$Monitor: ***isInterrupted=false
[[2;37mDEBUG[m] VrbPrc.Monitor-1544500866-out com.jcabi.log.VerboseProcess$Monitor: ***isInterrupted=false
[[2;37mDEBUG[m] VrbPrc.Monitor-1544500866-out com.jcabi.log.VerboseProcess$Monitor: ***isInterrupted=false
[[2;37mDEBUG[m] VrbPrc.Monitor-1544500866-out com.jcabi.log.VerboseProcess$Monitor: ***isInterrupted=false
[[2;37mDEBUG[m] Timer-0 com.jcabi.log.VerboseProcess: ***interrupt
[[2;37mDEBUG[m] Timer-0 com.jcabi.log.VerboseProcess: ***interrupt
[[2;37mDEBUG[m] Timer-0 com.jcabi.log.VerboseProcess: ***DESTROYED
[[2;37mDEBUG[m] VrbPrc.Monitor-1544500866-err com.jcabi.log.VerboseProcess$Monitor: ***isInterrupted=false
[[2;37mDEBUG[m] VrbPrc.Monitor-1544500866-err com.jcabi.log.VerboseProcess$Monitor: explicitly interrupting read from buffer
[[2;37mDEBUG[m] VrbPrc.Monitor-1544500866-err com.jcabi.log.VerboseProcess: Monitor is interrupted in the expected way
[[2;37mDEBUG[m] VrbPrc.Monitor-1544500866-out com.jcabi.log.VerboseProcess$Monitor: ***isInterrupted=true
[[2;37mDEBUG[m] VrbPrc.Monitor-1544500866-out com.jcabi.log.VerboseProcess$Monitor: explicitly interrupting read from buffer
[[2;37mDEBUG[m] VrbPrc.Monitor-1544500866-out com.jcabi.log.VerboseProcess: Monitor is interrupted in the expected way
[[2;37mDEBUG[m] pool-1-thread-16 com.jcabi.log.VerboseProcess: #stdout(): process Mock for Process, hashCode: 1544500807 completed (code=0, size=432) in 64ms
Tests run: 9, Failures: 0, Errors: 0, Skipped: 5, Time elapsed: 1.469 sec - in com.jcabi.log.VerboseProcessTest

Results :

Tests run: 92, Failures: 0, Errors: 0, Skipped: 5

[INFO] ------------------------------------------------------------------------
[INFO] BUILD SUCCESS
[INFO] ------------------------------------------------------------------------
[INFO] Total time: 7.366 s
[INFO] Finished at: 2015-01-16T20:16:27+03:00
[INFO] Final Memory: 21M/220M
[INFO] ------------------------------------------------------------------------
"*** LOOP FINISHED ***" 1 
 
 
"Finishied." 
